This is pdfTeX, Version 3.141592653-2.6-1.40.27 (TeX Live 2025) (preloaded format=pdflatex 2025.3.8)  16 AUG 2025 02:21
entering extended mode
 restricted \write18 enabled.
 file:line:error style messages enabled.
 %&-line parsing enabled.
**"/Users/oluwaseunfunmiashiru/Dev/Luck-Mechanics/spacetime optics & fluid dynamics /spacetime polar optics /spacetime_polar_optics.tex"
(/Users/oluwaseunfunmiashiru/Dev/Luck-Mechanics/spacetime optics & fluid dynamics /spacetime polar optics /spacetime_polar_optics.tex
LaTeX2e <2024-11-01> patch level 2
L3 programming layer <2025-01-18>
(/usr/local/texlive/2025/texmf-dist/tex/latex/revtex/revtex4-2.cls
Document Class: revtex4-2 2022/06/05 4.2f (https://journals.aps.org/revtex/ for documentation)
 Copyright (c) 2019 American Physical Society.
 mailto:revtex@aps.org
 Licensed under the LPPL:
http://www.ctan.org/tex-archive/macros/latex/base/lppl.txt
 Arthur Ogawa <arthur_ogawa at sbcglobal dot net>
 Based on work by David Carlisle <david at dcarlisle.demon.co.uk>
 Version (4.2d--4.2f): Modified by Mark Doyle and Phelype Oleinik
 .
ltxutil[2022/06/05 4.2f utilities package (portions licensed from W. E. Baxter web at superscript.com)]
LaTeX Info: Redefining \@centercr on input line 356.
Class revtex4-2 Info: Repairing broken LaTeX eqnarray on input line 417.
\eqncolsep=\skip49
Class revtex4-2 Info: Repairing hyperref-unfriendly LaTeX definition of \mpfootnote on input line 492.
Class revtex4-2 Info: Repairing broken LateX \@sect on input line 814.
\intertabularlinepenalty=\count196
\@tbpen=\count197
\@arstrutbox@hline=\box52
Class revtex4-2 Info: Repairing broken LaTeX \@xbitor on input line 1845.
Class revtex4-2 Info: Making \typeout \long on input line 2110.
ltxfront[2022/06/05 4.2f frontmatter package (AO,DPC,MD)]
\c@affil=\count198
\c@collab=\count199
\absbox=\box53
ltxgrid[2022/06/05 4.2f page grid package (portions licensed from W. E. Baxter web at superscript.com)]
\c@linecount=\count266
\output@latex=\toks17
\box@size@1=\box54
\box@size@2=\box55
\@protection@box=\box56
\@topmark@saved=\toks18
\footins@saved=\box57
\footins@recovered=\box58
\column@recovered=\box59
\pagesofar=\box60
\footsofar=\box61
\pagegrid@col=\count267
Class revtex4-2 Info: Overriding \@vspace, \@vspacer, \@no@pgbk, \@newline, and \\  on input line 5676.
\c@part=\count268
\c@section=\count269
\c@subsection=\count270
\c@subsubsection=\count271
\c@paragraph=\count272
\c@subparagraph=\count273
\abovecaptionskip=\skip50
\belowcaptionskip=\skip51
\c@figure=\count274
\fbox@1=\box62
\c@table=\count275
\fbox@2=\box63
\c@video=\count276
\fbox@4=\box64
\@bibdataout=\write3
\widetext@top=\box65
\widetext@bot=\box66
Class revtex4-2 Info: Selecting society aps on input line 7669.
(/usr/local/texlive/2025/texmf-dist/tex/latex/revtex/aps4-2.rtx
File: aps4-2 2022/06/05 4.2f (https://journals.aps.org/revtex/ for documentation)
Class revtex4-2 Info: RevTeX society APS selected on input line 40.
)
Class revtex4-2 Info: Selecting journal pra on input line 7671.
Class revtex4-2 Info: APS journal PRA selected on input line 7672.
 (/usr/local/texlive/2025/texmf-dist/tex/latex/revtex/aps10pt4-2.rtx
File: aps10pt4-2 2022/06/05 4.2f (https://journals.aps.org/revtex/ for documentation)
Class revtex4-2 Info: RevTeX pointsize 10pt selected on input line 39.
) (/usr/local/texlive/2025/texmf-dist/tex/latex/textcase/textcase.sty
Package: textcase 2025/02/16 v1.05 Text only upper/lower case changing (DPC)
Package textcase Info: Defining Legacy names on input line 20.
) (/usr/local/texlive/2025/texmf-dist/tex/latex/amsfonts/amssymb.sty
Package: amssymb 2013/01/14 v3.01 AMS font symbols
 (/usr/local/texlive/2025/texmf-dist/tex/latex/amsfonts/amsfonts.sty
Package: amsfonts 2013/01/14 v3.01 Basic AMSFonts support
\@emptytoks=\toks19
\symAMSa=\mathgroup4
\symAMSb=\mathgroup5
LaTeX Font Info:    Redeclaring math symbol \hbar on input line 98.
LaTeX Font Info:    Overwriting math alphabet `\mathfrak' in version `bold'
(Font)                  U/euf/m/n --> U/euf/b/n on input line 106.
)) (/usr/local/texlive/2025/texmf-dist/tex/latex/amsmath/amsmath.sty
Package: amsmath 2024/11/05 v2.17t AMS math features
\@mathmargin=\skip52

For additional information on amsmath, use the `?' option.
(/usr/local/texlive/2025/texmf-dist/tex/latex/amsmath/amstext.sty
Package: amstext 2021/08/26 v2.01 AMS text
 (/usr/local/texlive/2025/texmf-dist/tex/latex/amsmath/amsgen.sty
File: amsgen.sty 1999/11/30 v2.0 generic functions
\@emptytoks=\toks20
\ex@=\dimen141
)
LaTeX Info: Redefining \text on input line 28.
) (/usr/local/texlive/2025/texmf-dist/tex/latex/amsmath/amsbsy.sty
Package: amsbsy 1999/11/29 v1.2d Bold Symbols
\pmbraise@=\dimen142
) (/usr/local/texlive/2025/texmf-dist/tex/latex/amsmath/amsopn.sty
Package: amsopn 2022/04/08 v2.04 operator names
)
\inf@bad=\count277
LaTeX Info: Redefining \frac on input line 233.
\uproot@=\count278
\leftroot@=\count279
LaTeX Info: Redefining \overline on input line 398.
LaTeX Info: Redefining \colon on input line 409.
\classnum@=\count280
\DOTSCASE@=\count281
LaTeX Info: Redefining \ldots on input line 495.
LaTeX Info: Redefining \dots on input line 498.
LaTeX Info: Redefining \cdots on input line 619.
\Mathstrutbox@=\box67
\strutbox@=\box68
LaTeX Info: Redefining \big on input line 721.
LaTeX Info: Redefining \Big on input line 722.
LaTeX Info: Redefining \bigg on input line 723.
LaTeX Info: Redefining \Bigg on input line 724.
\big@size=\dimen143
LaTeX Font Info:    Redeclaring font encoding OML on input line 742.
LaTeX Font Info:    Redeclaring font encoding OMS on input line 743.
\macc@depth=\count282
LaTeX Info: Redefining \bmod on input line 904.
LaTeX Info: Redefining \pmod on input line 909.
LaTeX Info: Redefining \smash on input line 939.
LaTeX Info: Redefining \relbar on input line 969.
LaTeX Info: Redefining \Relbar on input line 970.
\c@MaxMatrixCols=\count283
\dotsspace@=\muskip17
\c@parentequation=\count284
\dspbrk@lvl=\count285
\tag@help=\toks21
\row@=\count286
\column@=\count287
\maxfields@=\count288
\andhelp@=\toks22
\eqnshift@=\dimen144
\alignsep@=\dimen145
\tagshift@=\dimen146
\tagwidth@=\dimen147
\totwidth@=\dimen148
\lineht@=\dimen149
\@envbody=\toks23
\multlinegap=\skip53
\multlinetaggap=\skip54
\mathdisplay@stack=\toks24
LaTeX Info: Redefining \[ on input line 2953.
LaTeX Info: Redefining \] on input line 2954.
) (/usr/local/texlive/2025/texmf-dist/tex/latex/url/url.sty
\Urlmuskip=\muskip18
Package: url 2013/09/16  ver 3.4  Verb mode for urls, etc.
) (/usr/local/texlive/2025/texmf-dist/tex/latex/natbib/natbib.sty
Package: natbib 2010/09/13 8.31b (PWD, AO)
\bibhang=\skip55
\bibsep=\skip56
LaTeX Info: Redefining \cite on input line 694.
\c@NAT@ctr=\count289
)
Class revtex4-2 Info: Repairing natbib's \BibitemShut on input line 7676.
 (/usr/local/texlive/2025/texmf-dist/tex/latex/revtex/revsymb4-2.sty
Package: revsymb4-2 2022/06/05 4.2f (https://journals.aps.org/revtex/ for documentation)
LaTeX Info: Redefining \frak on input line 104.
LaTeX Info: Redefining \Bbb on input line 120.
LaTeX Info: Redefining \REV@mathfrak on input line 128.
)) (/usr/local/texlive/2025/texmf-dist/tex/latex/graphics/graphicx.sty
Package: graphicx 2021/09/16 v1.2d Enhanced LaTeX Graphics (DPC,SPQR)
 (/usr/local/texlive/2025/texmf-dist/tex/latex/graphics/keyval.sty
Package: keyval 2022/05/29 v1.15 key=value parser (DPC)
\KV@toks@=\toks25
) (/usr/local/texlive/2025/texmf-dist/tex/latex/graphics/graphics.sty
Package: graphics 2024/08/06 v1.4g Standard LaTeX Graphics (DPC,SPQR)
 (/usr/local/texlive/2025/texmf-dist/tex/latex/graphics/trig.sty
Package: trig 2023/12/02 v1.11 sin cos tan (DPC)
) (/usr/local/texlive/2025/texmf-dist/tex/latex/graphics-cfg/graphics.cfg
File: graphics.cfg 2016/06/04 v1.11 sample graphics configuration
)
Package graphics Info: Driver file: pdftex.def on input line 106.
 (/usr/local/texlive/2025/texmf-dist/tex/latex/graphics-def/pdftex.def
File: pdftex.def 2024/04/13 v1.2c Graphics/color driver for pdftex
))
\Gin@req@height=\dimen150
\Gin@req@width=\dimen151
) (/usr/local/texlive/2025/texmf-dist/tex/latex/tools/bm.sty
Package: bm 2023/12/19 v1.2f Bold Symbol Support (DPC/FMi)
\symboldoperators=\mathgroup6
\symboldletters=\mathgroup7
\symboldsymbols=\mathgroup8
Package bm Info: No bold for \OMX/cmex/m/n, using \pmb.
Package bm Info: No bold for \U/msa/m/n, using \pmb.
Package bm Info: No bold for \U/msb/m/n, using \pmb.
LaTeX Font Info:    Redeclaring math alphabet \mathbf on input line 149.
LaTeX Info: Redefining \bm on input line 219.
) (/usr/local/texlive/2025/texmf-dist/tex/latex/hyperref/hyperref.sty
Package: hyperref 2024-11-05 v7.01l Hypertext links for LaTeX
 (/usr/local/texlive/2025/texmf-dist/tex/generic/iftex/iftex.sty
Package: iftex 2024/12/12 v1.0g TeX engine tests
) (/usr/local/texlive/2025/texmf-dist/tex/latex/kvsetkeys/kvsetkeys.sty
Package: kvsetkeys 2022-10-05 v1.19 Key value parser (HO)
) (/usr/local/texlive/2025/texmf-dist/tex/generic/kvdefinekeys/kvdefinekeys.sty
Package: kvdefinekeys 2019-12-19 v1.6 Define keys (HO)
) (/usr/local/texlive/2025/texmf-dist/tex/generic/pdfescape/pdfescape.sty
Package: pdfescape 2019/12/09 v1.15 Implements pdfTeX's escape features (HO)
 (/usr/local/texlive/2025/texmf-dist/tex/generic/ltxcmds/ltxcmds.sty
Package: ltxcmds 2023-12-04 v1.26 LaTeX kernel commands for general use (HO)
) (/usr/local/texlive/2025/texmf-dist/tex/generic/pdftexcmds/pdftexcmds.sty
Package: pdftexcmds 2020-06-27 v0.33 Utility functions of pdfTeX for LuaTeX (HO)
 (/usr/local/texlive/2025/texmf-dist/tex/generic/infwarerr/infwarerr.sty
Package: infwarerr 2019/12/03 v1.5 Providing info/warning/error messages (HO)
)
Package pdftexcmds Info: \pdf@primitive is available.
Package pdftexcmds Info: \pdf@ifprimitive is available.
Package pdftexcmds Info: \pdfdraftmode found.
)) (/usr/local/texlive/2025/texmf-dist/tex/latex/hycolor/hycolor.sty
Package: hycolor 2020-01-27 v1.10 Color options for hyperref/bookmark (HO)
) (/usr/local/texlive/2025/texmf-dist/tex/latex/hyperref/nameref.sty
Package: nameref 2023-11-26 v2.56 Cross-referencing by name of section
 (/usr/local/texlive/2025/texmf-dist/tex/latex/refcount/refcount.sty
Package: refcount 2019/12/15 v3.6 Data extraction from label references (HO)
) (/usr/local/texlive/2025/texmf-dist/tex/generic/gettitlestring/gettitlestring.sty
Package: gettitlestring 2019/12/15 v1.6 Cleanup title references (HO)
 (/usr/local/texlive/2025/texmf-dist/tex/latex/kvoptions/kvoptions.sty
Package: kvoptions 2022-06-15 v3.15 Key value format for package options (HO)
))

Package nameref Warning: The definition of \label has changed! 
(nameref)                Check your packages! 
(nameref)                Replacing it with the kernel definition on input line 149.

\c@section@level=\count290
) (/usr/local/texlive/2025/texmf-dist/tex/latex/etoolbox/etoolbox.sty
Package: etoolbox 2025/02/11 v2.5l e-TeX tools for LaTeX (JAW)
\etb@tempcnta=\count291
) (/usr/local/texlive/2025/texmf-dist/tex/generic/stringenc/stringenc.sty
Package: stringenc 2019/11/29 v1.12 Convert strings between diff. encodings (HO)
)
\@linkdim=\dimen152
\Hy@linkcounter=\count292
\Hy@pagecounter=\count293
 (/usr/local/texlive/2025/texmf-dist/tex/latex/hyperref/pd1enc.def
File: pd1enc.def 2024-11-05 v7.01l Hyperref: PDFDocEncoding definition (HO)
Now handling font encoding PD1 ...
... no UTF-8 mapping file for font encoding PD1
) (/usr/local/texlive/2025/texmf-dist/tex/generic/intcalc/intcalc.sty
Package: intcalc 2019/12/15 v1.3 Expandable calculations with integers (HO)
)
\Hy@SavedSpaceFactor=\count294
 (/usr/local/texlive/2025/texmf-dist/tex/latex/hyperref/puenc.def
File: puenc.def 2024-11-05 v7.01l Hyperref: PDF Unicode definition (HO)
Now handling font encoding PU ...
... no UTF-8 mapping file for font encoding PU
)
Package hyperref Info: Hyper figures OFF on input line 4157.
Package hyperref Info: Link nesting OFF on input line 4162.
Package hyperref Info: Hyper index ON on input line 4165.
Package hyperref Info: Plain pages OFF on input line 4172.
Package hyperref Info: Backreferencing OFF on input line 4177.
Package hyperref Info: Implicit mode ON; LaTeX internals redefined.
Package hyperref Info: Bookmarks ON on input line 4424.
LaTeX Info: Redefining \href on input line 4674.
\c@Hy@tempcnt=\count295
LaTeX Info: Redefining \url on input line 4763.
\XeTeXLinkMargin=\dimen153
 (/usr/local/texlive/2025/texmf-dist/tex/generic/bitset/bitset.sty
Package: bitset 2019/12/09 v1.3 Handle bit-vector datatype (HO)
 (/usr/local/texlive/2025/texmf-dist/tex/generic/bigintcalc/bigintcalc.sty
Package: bigintcalc 2019/12/15 v1.5 Expandable calculations on big integers (HO)
))
\Fld@menulength=\count296
\Field@Width=\dimen154
\Fld@charsize=\dimen155
Package hyperref Info: Hyper figures OFF on input line 6042.
Package hyperref Info: Link nesting OFF on input line 6047.
Package hyperref Info: Hyper index ON on input line 6050.
Package hyperref Info: backreferencing OFF on input line 6057.
Package hyperref Info: Link coloring OFF on input line 6062.
Package hyperref Info: Link coloring with OCG OFF on input line 6067.
Package hyperref Info: PDF/A mode OFF on input line 6072.
 (/usr/local/texlive/2025/texmf-dist/tex/latex/base/atbegshi-ltx.sty
Package: atbegshi-ltx 2021/01/10 v1.0c Emulation of the original atbegshi
package with kernel methods
)
\Hy@abspage=\count297
\c@Item=\count298
\c@Hfootnote=\count299
)
Package hyperref Info: Driver (autodetected): hpdftex.
 (/usr/local/texlive/2025/texmf-dist/tex/latex/hyperref/hpdftex.def
File: hpdftex.def 2024-11-05 v7.01l Hyperref driver for pdfTeX
 (/usr/local/texlive/2025/texmf-dist/tex/latex/base/atveryend-ltx.sty
Package: atveryend-ltx 2020/08/19 v1.0a Emulation of the original atveryend package
with kernel methods
)
\Fld@listcount=\count300
\c@bookmark@seq@number=\count301
 (/usr/local/texlive/2025/texmf-dist/tex/latex/rerunfilecheck/rerunfilecheck.sty
Package: rerunfilecheck 2022-07-10 v1.10 Rerun checks for auxiliary files (HO)
 (/usr/local/texlive/2025/texmf-dist/tex/generic/uniquecounter/uniquecounter.sty
Package: uniquecounter 2019/12/15 v1.4 Provide unlimited unique counter (HO)
)
Package uniquecounter Info: New unique counter `rerunfilecheck' on input line 285.
)
\Hy@SectionHShift=\skip57
) (/usr/local/texlive/2025/texmf-dist/tex/latex/mathtools/mathtools.sty
Package: mathtools 2024/10/04 v1.31 mathematical typesetting tools
 (/usr/local/texlive/2025/texmf-dist/tex/latex/tools/calc.sty
Package: calc 2023/07/08 v4.3 Infix arithmetic (KKT,FJ)
\calc@Acount=\count302
\calc@Bcount=\count303
\calc@Adimen=\dimen156
\calc@Bdimen=\dimen157
\calc@Askip=\skip58
\calc@Bskip=\skip59
LaTeX Info: Redefining \setlength on input line 80.
LaTeX Info: Redefining \addtolength on input line 81.
\calc@Ccount=\count304
\calc@Cskip=\skip60
) (/usr/local/texlive/2025/texmf-dist/tex/latex/mathtools/mhsetup.sty
Package: mhsetup 2021/03/18 v1.4 programming setup (MH)
)
\g_MT_multlinerow_int=\count305
\l_MT_multwidth_dim=\dimen158
\origjot=\skip61
\l_MT_shortvdotswithinadjustabove_dim=\dimen159
\l_MT_shortvdotswithinadjustbelow_dim=\dimen160
\l_MT_above_intertext_sep=\dimen161
\l_MT_below_intertext_sep=\dimen162
\l_MT_above_shortintertext_sep=\dimen163
\l_MT_below_shortintertext_sep=\dimen164
\xmathstrut@box=\box69
\xmathstrut@dim=\dimen165
) (/usr/local/texlive/2025/texmf-dist/tex/latex/siunitx/siunitx.sty
Package: siunitx 2025-02-27 v3.4.6 A comprehensive (SI) units package
\l__siunitx_number_uncert_offset_int=\count306
\l__siunitx_number_exponent_fixed_int=\count307
\l__siunitx_number_min_decimal_int=\count308
\l__siunitx_number_min_integer_int=\count309
\l__siunitx_number_round_precision_int=\count310
\l__siunitx_number_lower_threshold_int=\count311
\l__siunitx_number_upper_threshold_int=\count312
\l__siunitx_number_group_first_int=\count313
\l__siunitx_number_group_size_int=\count314
\l__siunitx_number_group_minimum_int=\count315
\l__siunitx_angle_tmp_dim=\dimen166
\l__siunitx_angle_marker_box=\box70
\l__siunitx_angle_unit_box=\box71
\l__siunitx_compound_count_int=\count316
 (/usr/local/texlive/2025/texmf-dist/tex/latex/translations/translations.sty
Package: translations 2022/02/05 v1.12 internationalization of LaTeX2e packages (CN)
)
\l__siunitx_table_tmp_box=\box72
\l__siunitx_table_tmp_dim=\dimen167
\l__siunitx_table_column_width_dim=\dimen168
\l__siunitx_table_integer_box=\box73
\l__siunitx_table_decimal_box=\box74
\l__siunitx_table_uncert_box=\box75
\l__siunitx_table_before_box=\box76
\l__siunitx_table_after_box=\box77
\l__siunitx_table_before_dim=\dimen169
\l__siunitx_table_carry_dim=\dimen170
\l__siunitx_unit_tmp_int=\count317
\l__siunitx_unit_position_int=\count318
\l__siunitx_unit_total_int=\count319
 (/usr/local/texlive/2025/texmf-dist/tex/latex/tools/array.sty
Package: array 2024/10/17 v2.6g Tabular extension package (FMi)
\col@sep=\dimen171
\ar@mcellbox=\box78
\extrarowheight=\dimen172
\NC@list=\toks26
\extratabsurround=\skip62
\backup@length=\skip63
\ar@cellbox=\box79
)) (/usr/local/texlive/2025/texmf-dist/tex/latex/physics/physics.sty
Package: physics 
 (/usr/local/texlive/2025/texmf-dist/tex/latex/l3packages/xparse/xparse.sty (/usr/local/texlive/2025/texmf-dist/tex/latex/l3kernel/expl3.sty
Package: expl3 2025-01-18 L3 programming layer (loader) 
 (/usr/local/texlive/2025/texmf-dist/tex/latex/l3backend/l3backend-pdftex.def
File: l3backend-pdftex.def 2024-05-08 L3 backend support: PDF output (pdfTeX)
\l__color_backend_stack_int=\count320
\l__pdf_internal_box=\box80
))
Package: xparse 2024-08-16 L3 Experimental document command parser
)) (/usr/local/texlive/2025/texmf-dist/tex/latex/xcolor/xcolor.sty
Package: xcolor 2024/09/29 v3.02 LaTeX color extensions (UK)
 (/usr/local/texlive/2025/texmf-dist/tex/latex/graphics-cfg/color.cfg
File: color.cfg 2016/01/02 v1.6 sample color configuration
)
Package xcolor Info: Driver file: pdftex.def on input line 274.
 (/usr/local/texlive/2025/texmf-dist/tex/latex/graphics/mathcolor.ltx)
Package xcolor Info: Model `cmy' substituted by `cmy0' on input line 1349.
Package xcolor Info: Model `hsb' substituted by `rgb' on input line 1353.
Package xcolor Info: Model `RGB' extended on input line 1365.
Package xcolor Info: Model `HTML' substituted by `rgb' on input line 1367.
Package xcolor Info: Model `Hsb' substituted by `hsb' on input line 1368.
Package xcolor Info: Model `tHsb' substituted by `hsb' on input line 1369.
Package xcolor Info: Model `HSB' substituted by `hsb' on input line 1370.
Package xcolor Info: Model `Gray' substituted by `gray' on input line 1371.
Package xcolor Info: Model `wave' substituted by `hsb' on input line 1372.
) (/usr/local/texlive/2025/texmf-dist/tex/latex/amscls/amsthm.sty
Package: amsthm 2020/05/29 v2.20.6
\thm@style=\toks27
\thm@bodyfont=\toks28
\thm@headfont=\toks29
\thm@notefont=\toks30
\thm@headpunct=\toks31
\thm@preskip=\skip64
\thm@postskip=\skip65
\thm@headsep=\skip66
\dth@everypar=\toks32
)

/Users/oluwaseunfunmiashiru/Dev/Luck-Mechanics/spacetime optics & fluid dynamics /spacetime polar optics /spacetime_polar_optics.tex:24: LaTeX Error: Command \ang already defined.
               Or name \end... illegal, see p.192 of the manual.

See the LaTeX manual or LaTeX Companion for explanation.
Type  H <return>  for immediate help.
 ...                                              
                                                  
l.24 \newcommand{\ang}{\vartheta}
                                                    % Angular coordinate
Your command was ignored.
Type  I <command> <return>  to replace it with another command,
or  <return>  to continue without it.


/Users/oluwaseunfunmiashiru/Dev/Luck-Mechanics/spacetime optics & fluid dynamics /spacetime polar optics /spacetime_polar_optics.tex:26: LaTeX Error: Command \grad already defined.
               Or name \end... illegal, see p.192 of the manual.

See the LaTeX manual or LaTeX Companion for explanation.
Type  H <return>  for immediate help.
 ...                                              
                                                  
l.26 \newcommand{\grad}{\nabla}
                                                    % Covariant derivative
Your command was ignored.
Type  I <command> <return>  to replace it with another command,
or  <return>  to continue without it.

Package hyperref Info: Option `colorlinks' set `true' on input line 31.
Class revtex4-2 Info: Unrecognized array package. Please update this document class! (Proceeding with fingers crossed.) on input line 34.
Class revtex4-2 Info: cite was not loaded (OK!) on input line 34.
Class revtex4-2 Info: mcite was not loaded (OK!) on input line 34.
Class revtex4-2 Info: multicol was not loaded (OK!) on input line 34.
Package translations Info: No language package found. I am going to use `english' as default language. on input line 34.
No file spacetime_polar_optics.aux.
\openout1 = `spacetime_polar_optics.aux'.

LaTeX Font Info:    Checking defaults for OML/cmm/m/it on input line 34.
LaTeX Font Info:    ... okay on input line 34.
LaTeX Font Info:    Checking defaults for OMS/cmsy/m/n on input line 34.
LaTeX Font Info:    ... okay on input line 34.
LaTeX Font Info:    Checking defaults for OT1/cmr/m/n on input line 34.
LaTeX Font Info:    ... okay on input line 34.
LaTeX Font Info:    Checking defaults for T1/cmr/m/n on input line 34.
LaTeX Font Info:    ... okay on input line 34.
LaTeX Font Info:    Checking defaults for TS1/cmr/m/n on input line 34.
LaTeX Font Info:    ... okay on input line 34.
LaTeX Font Info:    Checking defaults for OMX/cmex/m/n on input line 34.
LaTeX Font Info:    ... okay on input line 34.
LaTeX Font Info:    Checking defaults for U/cmr/m/n on input line 34.
LaTeX Font Info:    ... okay on input line 34.
LaTeX Font Info:    Checking defaults for PD1/pdf/m/n on input line 34.
LaTeX Font Info:    ... okay on input line 34.
LaTeX Font Info:    Checking defaults for PU/pdf/m/n on input line 34.
LaTeX Font Info:    ... okay on input line 34.
(/usr/local/texlive/2025/texmf-dist/tex/context/base/mkii/supp-pdf.mkii
[Loading MPS to PDF converter (version 2006.09.02).]
\scratchcounter=\count321
\scratchdimen=\dimen173
\scratchbox=\box81
\nofMPsegments=\count322
\nofMParguments=\count323
\everyMPshowfont=\toks33
\MPscratchCnt=\count324
\MPscratchDim=\dimen174
\MPnumerator=\count325
\makeMPintoPDFobject=\count326
\everyMPtoPDFconversion=\toks34
) (/usr/local/texlive/2025/texmf-dist/tex/latex/epstopdf-pkg/epstopdf-base.sty
Package: epstopdf-base 2020-01-24 v2.11 Base part for package epstopdf
Package epstopdf-base Info: Redefining graphics rule for `.eps' on input line 485.
 (/usr/local/texlive/2025/texmf-dist/tex/latex/latexconfig/epstopdf-sys.cfg
File: epstopdf-sys.cfg 2010/07/13 v1.3 Configuration of (r)epstopdf for TeX Live
))
Package hyperref Info: Link coloring ON on input line 34.
\@outlinefile=\write4
\openout4 = `spacetime_polar_optics.out'.



Package siunitx Warning: Detected the "physics" package:
(siunitx)                omitting definition of \qty.
(siunitx)                
(siunitx)                If you want to use \qty with the siunitx definition,
(siunitx)                add 
(siunitx)                
(siunitx)                    \AtBeginDocument{\RenewCommandCopy\qty\SI}
(siunitx)                
(siunitx)                to your preamble.

(/usr/local/texlive/2025/texmf-dist/tex/latex/translations/translations-basic-dictionary-english.trsl
File: translations-basic-dictionary-english.trsl (english translation file `translations-basic-dictionary')
)
Package translations Info: loading dictionary `translations-basic-dictionary' for `english'. on input line 34.
Class revtex4-2 Info: Taking \maketitle back from hyperref on input line 34.
\openout3 = `spacetime_polar_opticsNotes.bib'.

LaTeX Font Info:    Trying to load font information for U+msa on input line 42.
 (/usr/local/texlive/2025/texmf-dist/tex/latex/amsfonts/umsa.fd
File: umsa.fd 2013/01/14 v3.01 AMS symbols A
)
LaTeX Font Info:    Trying to load font information for U+msb on input line 42.
 (/usr/local/texlive/2025/texmf-dist/tex/latex/amsfonts/umsb.fd
File: umsb.fd 2013/01/14 v3.01 AMS symbols B
)

Package natbib Warning: Citation `FeynmanHibbs1965' on page 1 undefined on input line 42.


Package natbib Warning: Citation `BirrellDavies' on page 1 undefined on input line 52.


Package natbib Warning: Citation `ParkerToms' on page 1 undefined on input line 52.


Package natbib Warning: Citation `Bondi1962' on page 1 undefined on input line 52.


Package natbib Warning: Citation `Sachs1962' on page 1 undefined on input line 52.


Package natbib Warning: Citation `SmeenkWuthrich2021' on page 1 undefined on input line 52.


Package natbib Warning: Citation `Hensen2015' on page 1 undefined on input line 52.


Package natbib Warning: Citation `Giustina2015' on page 1 undefined on input line 52.


Package natbib Warning: Citation `Shalm2015' on page 1 undefined on input line 52.


Package natbib Warning: Citation `Bohm1952' on page 1 undefined on input line 52.


/Users/oluwaseunfunmiashiru/Dev/Luck-Mechanics/spacetime optics & fluid dynamics /spacetime polar optics /spacetime_polar_optics.tex:59: Package siunitx Error: Invalid number '^'.

For immediate help type H <return>.
 ...                                              
                                                  
l.59 ...uad d\Omega^2 = \gamma_{AB}(\angb)\,d\ang^
                                                  A d\ang^B,

The input '^' could not be parsed as a number following the format defined in
module documentation.



/Users/oluwaseunfunmiashiru/Dev/Luck-Mechanics/spacetime optics & fluid dynamics /spacetime polar optics /spacetime_polar_optics.tex:59: Package siunitx Error: Invalid number '^'.

For immediate help type H <return>.
 ...                                              
                                                  
l.59 ...ega^2 = \gamma_{AB}(\angb)\,d\ang^A d\ang^
                                                  B,

The input '^' could not be parsed as a number following the format defined in
module documentation.



Package natbib Warning: Citation `Bondi1962' on page 1 undefined on input line 62.


Package natbib Warning: Citation `Sachs1962' on page 1 undefined on input line 62.


Package natbib Warning: Citation `PittsSchieve2004' on page 1 undefined on input line 62.


LaTeX Warning: Reference `eq:polar-metric' on page 1 undefined on input line 64.


Package natbib Warning: Citation `Will2014' on page 1 undefined on input line 64.


Package natbib Warning: Citation `LiskaUnge2022' on page 1 undefined on input line 80.


Package natbib Warning: Citation `BirrellDavies' on page 1 undefined on input line 82.


Package natbib Warning: Citation `ParkerToms' on page 1 undefined on input line 82.


Package natbib Warning: Citation `PDG2024' on page 1 undefined on input line 82.

/Users/oluwaseunfunmiashiru/Dev/Luck-Mechanics/spacetime optics & fluid dynamics /spacetime polar optics /spacetime_polar_optics.tex:86: Missing { inserted.
<to be read again> 
                   \tex_let:D 
l.86 ...ular loop at fixed $r$ with length $L_\ang
                                                  (r)=\int\sqrt{a^2\,d\Omega...
A left brace was mandatory here, so I've put one in.
You might want to delete and/or insert some corrections
so that I will find a matching right brace soon.
(If you're confused by all this, try typing `I}' now.)


/Users/oluwaseunfunmiashiru/Dev/Luck-Mechanics/spacetime optics & fluid dynamics /spacetime polar optics /spacetime_polar_optics.tex:86: Package siunitx Error: Invalid number '('.

For immediate help type H <return>.
 ...                                              
                                                  
l.86 ...lar loop at fixed $r$ with length $L_\ang(
                                                  r)=\int\sqrt{a^2\,d\Omega^...

The input '(' could not be parsed as a number following the format defined in
module documentation.


/Users/oluwaseunfunmiashiru/Dev/Luck-Mechanics/spacetime optics & fluid dynamics /spacetime polar optics /spacetime_polar_optics.tex:86: Missing } inserted.
<inserted text> 
                }
l.86 ...ngth $L_\ang(r)=\int\sqrt{a^2\,d\Omega^2}$
                                                  , standing modes satisfy
I've inserted something that you may have forgotten.
(See the <inserted text> above.)
With luck, this will get me unwedged. But if you
really didn't forget anything, try typing `2' now; then
my insertion and my current dilemma will both disappear.


Underfull \hbox (badness 6220) in paragraph at lines 86--87
[]\OT1/cmr/m/n/10 On an an-gu-lar loop at fixed $\OML/cmm/m/it/10 r$ \OT1/cmr/m/n/10 with length
 []

/Users/oluwaseunfunmiashiru/Dev/Luck-Mechanics/spacetime optics & fluid dynamics /spacetime polar optics /spacetime_polar_optics.tex:88: Missing { inserted.
<to be read again> 
                   \tex_let:D 
l.88   n\,\lambda = L_\ang
                          (r),\qquad k_n=\frac{2\pi n}{L_\ang(r)},\ n\in\mat...
A left brace was mandatory here, so I've put one in.
You might want to delete and/or insert some corrections
so that I will find a matching right brace soon.
(If you're confused by all this, try typing `I}' now.)


/Users/oluwaseunfunmiashiru/Dev/Luck-Mechanics/spacetime optics & fluid dynamics /spacetime polar optics /spacetime_polar_optics.tex:88: Package siunitx Error: Invalid number '('.

For immediate help type H <return>.
 ...                                              
                                                  
l.88   n\,\lambda = L_\ang(
                           r),\qquad k_n=\frac{2\pi n}{L_\ang(r)},\ n\in\mat...

The input '(' could not be parsed as a number following the format defined in
module documentation.


/Users/oluwaseunfunmiashiru/Dev/Luck-Mechanics/spacetime optics & fluid dynamics /spacetime polar optics /spacetime_polar_optics.tex:88: Missing { inserted.
<to be read again> 
                   \tex_let:D 
l.88 ...ang(r),\qquad k_n=\frac{2\pi n}{L_\ang(r)}
                                                  ,\ n\in\mathbb{N}.
A left brace was mandatory here, so I've put one in.
You might want to delete and/or insert some corrections
so that I will find a matching right brace soon.
(If you're confused by all this, try typing `I}' now.)


/Users/oluwaseunfunmiashiru/Dev/Luck-Mechanics/spacetime optics & fluid dynamics /spacetime polar optics /spacetime_polar_optics.tex:88: Package siunitx Error: Invalid number '('.

For immediate help type H <return>.
 ...                                              
                                                  
l.88 ...ang(r),\qquad k_n=\frac{2\pi n}{L_\ang(r)}
                                                  ,\ n\in\mathbb{N}.

The input '(' could not be parsed as a number following the format defined in
module documentation.


/Users/oluwaseunfunmiashiru/Dev/Luck-Mechanics/spacetime optics & fluid dynamics /spacetime polar optics /spacetime_polar_optics.tex:90: You can't use `\eqno' in math mode.
\veqno ->\@kernel@eqno 
                       \aftergroup \ignorespaces 
l.90 \end{equation}
                   
Sorry, but I'm not programmed to handle this case;
I'll just pretend that you didn't ask for it.
If you're in the wrong mode, you might be able to
return to the right one by typing `I}' or `I$' or `I\par'.

/Users/oluwaseunfunmiashiru/Dev/Luck-Mechanics/spacetime optics & fluid dynamics /spacetime polar optics /spacetime_polar_optics.tex:90: Missing } inserted.
<inserted text> 
                }
l.90 \end{equation}
                   
I've inserted something that you may have forgotten.
(See the <inserted text> above.)
With luck, this will get me unwedged. But if you
really didn't forget anything, try typing `2' now; then
my insertion and my current dilemma will both disappear.

/Users/oluwaseunfunmiashiru/Dev/Luck-Mechanics/spacetime optics & fluid dynamics /spacetime polar optics /spacetime_polar_optics.tex:90: Missing } inserted.
<inserted text> 
                }
l.90 \end{equation}
                   
I've inserted something that you may have forgotten.
(See the <inserted text> above.)
With luck, this will get me unwedged. But if you
really didn't forget anything, try typing `2' now; then
my insertion and my current dilemma will both disappear.

[1{/usr/local/texlive/2025/texmf-var/fonts/map/pdftex/updmap/pdftex.map}]

Package natbib Warning: Citation `WahlstromChao1988' on page 2 undefined on input line 91.


Package natbib Warning: Citation `PDG2024' on page 2 undefined on input line 93.


Underfull \hbox (badness 2469) in paragraph at lines 93--93
[]\OT1/cmr/m/it/10 [Assessment: Aligned as a cav-ity/potential anal-ogy.
 []


Package natbib Warning: Citation `MandelWolf1995' on page 2 undefined on input line 109.


Package natbib Warning: Citation `Hensen2015' on page 2 undefined on input line 109.


Package natbib Warning: Citation `Giustina2015' on page 2 undefined on input line 109.


Package natbib Warning: Citation `Shalm2015' on page 2 undefined on input line 109.


Package natbib Warning: Citation `Bohm1952' on page 2 undefined on input line 109.


LaTeX Warning: Reference `app:primeproof' on page 2 undefined on input line 119.


Package natbib Warning: Citation `Montgomery1973' on page 2 undefined on input line 129.


Package natbib Warning: Citation `BerryKeating1999' on page 2 undefined on input line 129.


Package natbib Warning: Citation `BoydNLO' on page 2 undefined on input line 131.


Package natbib Warning: Citation `Feynman1948' on page 2 undefined on input line 137.


Package natbib Warning: Citation `Dyson1949' on page 2 undefined on input line 137.


Package natbib Warning: Citation `Kerr1963' on page 2 undefined on input line 141.


Package natbib Warning: Citation `Kraniotis2005' on page 2 undefined on input line 141.


Package natbib Warning: Citation `Kruskal1960' on page 2 undefined on input line 141.


Package natbib Warning: Citation `FrolovGoswami2007' on page 2 undefined on input line 141.


Underfull \hbox (badness 1590) in paragraph at lines 143--143
[]\OT1/cmr/m/it/10 [Assessment: Aligned: black holes; white holes ex-
 []


Underfull \hbox (badness 3333) in paragraph at lines 143--143
\OT1/cmr/m/it/10 ist as time-reversed re-gions in ex-tended so-lu-tions.
 []


Underfull \hbox (badness 5316) in paragraph at lines 143--143
\OT1/cmr/m/it/10 Novel/speculative: ``mu-tual re-open-ing/repulsion'' of
 []


Package natbib Warning: Citation `Will2014' on page 2 undefined on input line 147.


Package natbib Warning: Citation `GPB2011' on page 2 undefined on input line 147.


Package natbib Warning: Citation `LIGO2016' on page 2 undefined on input line 147.


Package natbib Warning: Citation `Kraniotis2005' on page 2 undefined on input line 147.


Package natbib Warning: Citation `BirrellDavies' on page 2 undefined on input line 149.


Package natbib Warning: Citation `ParkerToms' on page 2 undefined on input line 149.


Package natbib Warning: Citation `Hanneke2008' on page 2 undefined on input line 151.


Package natbib Warning: Citation `Aoyama2012' on page 2 undefined on input line 151.


Package natbib Warning: Citation `Parker2018' on page 2 undefined on input line 151.


Package natbib Warning: Citation `Perkins1965' on page 2 undefined on input line 151.


Package natbib Warning: Citation `PDG2024' on page 2 undefined on input line 151.

[2]

Package natbib Warning: Citation `BoydNLO' on page 3 undefined on input line 157.


Underfull \hbox (badness 1924) in paragraph at lines 159--160
\OT1/cmr/m/n/10 aperture in-ter-fer-om-e-ters re-solv-ing $\OML/cmm/b/it/10 #$ \OT1/cmr/m/n/10 should ex-hibit
 []


Package natbib Warning: Citation `CouderFort2006' on page 3 undefined on input line 161.


Package natbib Warning: Citation `Bush2015' on page 3 undefined on input line 161.


Underfull \hbox (badness 2707) in paragraph at lines 161--162
[]\OT1/cmr/bx/n/10 Hydrodynamic quan-tum analogs. \OT1/cmr/m/n/10 Ex-am-ine
 []


Underfull \hbox (badness 1824) in paragraph at lines 163--163
[]\OT1/cmr/m/it/10 [Assessment: Fal-si-fi-able lab sig-na-tures ex-ist for the
 []


Package natbib Warning: Citation `Will2014' on page 3 undefined on input line 168.


Package natbib Warning: Citation `LIGO2016' on page 3 undefined on input line 168.


Package natbib Warning: Citation `GPB2011' on page 3 undefined on input line 168.


Package natbib Warning: Citation `BirrellDavies' on page 3 undefined on input line 168.


Package natbib Warning: Citation `ParkerToms' on page 3 undefined on input line 168.


Package natbib Warning: Citation `Kerr1963' on page 3 undefined on input line 168.


Package natbib Warning: Citation `Kraniotis2005' on page 3 undefined on input line 168.


Package natbib Warning: Citation `Kruskal1960' on page 3 undefined on input line 168.


Package natbib Warning: Citation `PDG2024' on page 3 undefined on input line 168.


Underfull \hbox (badness 3148) in paragraph at lines 168--169
 \OT1/cmr/m/n/10 4D Lorentzian man-i-fold; null/angle fo-li-a-tions
 []


Package natbib Warning: Citation `Hensen2015' on page 3 undefined on input line 169.


Package natbib Warning: Citation `Giustina2015' on page 3 undefined on input line 169.


Package natbib Warning: Citation `Shalm2015' on page 3 undefined on input line 169.


Package natbib Warning: Citation `Bohm1952' on page 3 undefined on input line 169.


Package natbib Warning: Citation `PDG2024' on page 3 undefined on input line 170.


Package natbib Warning: Citation `Hensen2015' on page 3 undefined on input line 170.


Package natbib Warning: Citation `Giustina2015' on page 3 undefined on input line 170.


Package natbib Warning: Citation `Shalm2015' on page 3 undefined on input line 170.


Package natbib Warning: Citation `Perkins1965' on page 3 undefined on input line 170.


Package natbib Warning: Citation `PDG2024' on page 3 undefined on input line 170.


LaTeX Warning: Reference `eq:polar-psi' on page 3 undefined on input line 181.


Overfull \hbox (20.16066pt too wide) detected at line 194
\OT1/cmss/m/n/10 t[] \OT1/cmr/m/n/10 = [](\OML/cmm/m/it/10 @[]f\OT1/cmr/m/n/10 )[] = [] [] \OML/cmm/m/it/10 mn a[]a[] [] [] [] []:
 []


LaTeX Warning: Reference `eq:avg-tension' on page 3 undefined on input line 195.


Package natbib Warning: Citation `Hensen2015' on page 3 undefined on input line 198.


Package natbib Warning: Citation `Giustina2015' on page 3 undefined on input line 198.


Package natbib Warning: Citation `Shalm2015' on page 3 undefined on input line 198.

(./spacetime_polar_optics.bbl [3{/usr/local/texlive/2025/texmf-dist/fonts/enc/dvips/cm-super/cm-super-ts1.enc}]

LaTeX Warning: Reference `LastBibItem' on page 4 undefined on input line 9.


Package natbib Warning: Empty `thebibliography' environment on input line 52.

)

Package natbib Warning: There were undefined citations.

[4] (./spacetime_polar_optics.aux)
 ***********
LaTeX2e <2024-11-01> patch level 2
L3 programming layer <2025-01-18>
 ***********


LaTeX Warning: There were undefined references.


LaTeX Warning: Label(s) may have changed. Rerun to get cross-references right.


Package rerunfilecheck Warning: File `spacetime_polar_optics.out' has changed.
(rerunfilecheck)                Rerun to get outlines right
(rerunfilecheck)                or use package `bookmark'.

Package rerunfilecheck Info: Checksums for `spacetime_polar_optics.out':
(rerunfilecheck)             Before: <no file>
(rerunfilecheck)             After:  FE1C068039E4DEC9DD823D5422A15884;4761.
 ) 
Here is how much of TeX's memory you used:
 17385 strings out of 473190
 322812 string characters out of 5715801
 723693 words of memory out of 5000000
 40421 multiletter control sequences out of 15000+600000
 570777 words of font info for 79 fonts, out of 8000000 for 9000
 1141 hyphenation exceptions out of 8191
 79i,9n,93p,1557b,1102s stack positions out of 10000i,1000n,20000p,200000b,200000s
</usr/local/texlive/2025/texmf-dist/fonts/type1/public/amsfonts/cm/cmbsy10.pfb></usr/local/texlive/2025/texmf-dist/fonts/type1/public/amsfonts/cm/cmbx10.pfb></usr/local/texlive/2025/texmf-dist/fonts/type1/public/amsfonts/cm/cmbx12.pfb></usr/local/texlive/2025/texmf-dist/fonts/type1/public/amsfonts/cm/cmbx9.pfb></usr/local/texlive/2025/texmf-dist/fonts/type1/public/amsfonts/cm/cmex10.pfb></usr/local/texlive/2025/texmf-dist/fonts/type1/public/amsfonts/cmextra/cmex7.pfb></usr/local/texlive/2025/texmf-dist/fonts/type1/public/amsfonts/cm/cmmi10.pfb></usr/local/texlive/2025/texmf-dist/fonts/type1/public/amsfonts/cm/cmmi5.pfb></usr/local/texlive/2025/texmf-dist/fonts/type1/public/amsfonts/cm/cmmi6.pfb></usr/local/texlive/2025/texmf-dist/fonts/type1/public/amsfonts/cm/cmmi7.pfb></usr/local/texlive/2025/texmf-dist/fonts/type1/public/amsfonts/cm/cmmi9.pfb></usr/local/texlive/2025/texmf-dist/fonts/type1/public/amsfonts/cm/cmmib10.pfb></usr/local/texlive/2025/texmf-dist/fonts/type1/public/amsfonts/cmextra/cmmib9.pfb></usr/local/texlive/2025/texmf-dist/fonts/type1/public/amsfonts/cm/cmr10.pfb></usr/local/texlive/2025/texmf-dist/fonts/type1/public/amsfonts/cm/cmr5.pfb></usr/local/texlive/2025/texmf-dist/fonts/type1/public/amsfonts/cm/cmr7.pfb></usr/local/texlive/2025/texmf-dist/fonts/type1/public/amsfonts/cm/cmr9.pfb></usr/local/texlive/2025/texmf-dist/fonts/type1/public/amsfonts/cm/cmss10.pfb></usr/local/texlive/2025/texmf-dist/fonts/type1/public/amsfonts/cm/cmsy10.pfb></usr/local/texlive/2025/texmf-dist/fonts/type1/public/amsfonts/cm/cmsy5.pfb></usr/local/texlive/2025/texmf-dist/fonts/type1/public/amsfonts/cm/cmsy7.pfb></usr/local/texlive/2025/texmf-dist/fonts/type1/public/amsfonts/cm/cmsy9.pfb></usr/local/texlive/2025/texmf-dist/fonts/type1/public/amsfonts/cm/cmti10.pfb></usr/local/texlive/2025/texmf-dist/fonts/type1/public/amsfonts/cm/cmti9.pfb></usr/local/texlive/2025/texmf-dist/fonts/type1/public/amsfonts/symbols/msbm10.pfb></usr/local/texlive/2025/texmf-dist/fonts/type1/public/amsfonts/symbols/msbm5.pfb></usr/local/texlive/2025/texmf-dist/fonts/type1/public/cm-super/sfrm1000.pfb>
Output written on spacetime_polar_optics.pdf (4 pages, 319973 bytes).
PDF statistics:
 195 PDF objects out of 1000 (max. 8388607)
 133 compressed objects within 2 object streams
 32 named destinations out of 1000 (max. 500000)
 1 words of extra memory for PDF output out of 10000 (max. 10000000)

